<?xml version="1.0" encoding="UTF-8"?>
<testExecutions version="1">
  <file path="/Users/aoulad/Digital_Tracking_Merchandising/src/App.test.tsx">
  </file>
</testExecutions>